23-Aug-2018 21:48:25.729 INFO [main] org.apache.catalina.startup.VersionLoggerListener.log Server version:        Apache Tomcat/9.0.11
23-Aug-2018 21:48:25.735 INFO [main] org.apache.catalina.startup.VersionLoggerListener.log Server built:          Aug 11 2018 19:47:23 UTC
23-Aug-2018 21:48:25.735 INFO [main] org.apache.catalina.startup.VersionLoggerListener.log Server number:         9.0.11.0
23-Aug-2018 21:48:25.736 INFO [main] org.apache.catalina.startup.VersionLoggerListener.log OS Name:               Linux
23-Aug-2018 21:48:25.736 INFO [main] org.apache.catalina.startup.VersionLoggerListener.log OS Version:            3.16.0-77-generic
23-Aug-2018 21:48:25.736 INFO [main] org.apache.catalina.startup.VersionLoggerListener.log Architecture:          amd64
23-Aug-2018 21:48:25.737 INFO [main] org.apache.catalina.startup.VersionLoggerListener.log Java Home:             /usr/local/jdk1.8.0_45/jre
23-Aug-2018 21:48:25.737 INFO [main] org.apache.catalina.startup.VersionLoggerListener.log JVM Version:           1.8.0_45-b14
23-Aug-2018 21:48:25.738 INFO [main] org.apache.catalina.startup.VersionLoggerListener.log JVM Vendor:            Oracle Corporation
23-Aug-2018 21:48:25.739 INFO [main] org.apache.catalina.startup.VersionLoggerListener.log CATALINA_BASE:         /home/www/website/pin/apache-tomcat-9.0.11
23-Aug-2018 21:48:25.739 INFO [main] org.apache.catalina.startup.VersionLoggerListener.log CATALINA_HOME:         /home/www/website/pin/apache-tomcat-9.0.11
23-Aug-2018 21:48:25.740 INFO [main] org.apache.catalina.startup.VersionLoggerListener.log Command line argument: -Djava.util.logging.config.file=/home/www/website/pin/apache-tomcat-9.0.11/conf/logging.properties
23-Aug-2018 21:48:25.741 INFO [main] org.apache.catalina.startup.VersionLoggerListener.log Command line argument: -Djava.util.logging.manager=org.apache.juli.ClassLoaderLogManager
23-Aug-2018 21:48:25.742 INFO [main] org.apache.catalina.startup.VersionLoggerListener.log Command line argument: -Djdk.tls.ephemeralDHKeySize=2048
23-Aug-2018 21:48:25.742 INFO [main] org.apache.catalina.startup.VersionLoggerListener.log Command line argument: -Djava.protocol.handler.pkgs=org.apache.catalina.webresources
23-Aug-2018 21:48:25.742 INFO [main] org.apache.catalina.startup.VersionLoggerListener.log Command line argument: -Dorg.apache.catalina.security.SecurityListener.UMASK=0027
23-Aug-2018 21:48:25.743 INFO [main] org.apache.catalina.startup.VersionLoggerListener.log Command line argument: -Dignore.endorsed.dirs=
23-Aug-2018 21:48:25.743 INFO [main] org.apache.catalina.startup.VersionLoggerListener.log Command line argument: -Dcatalina.base=/home/www/website/pin/apache-tomcat-9.0.11
23-Aug-2018 21:48:25.743 INFO [main] org.apache.catalina.startup.VersionLoggerListener.log Command line argument: -Dcatalina.home=/home/www/website/pin/apache-tomcat-9.0.11
23-Aug-2018 21:48:25.743 INFO [main] org.apache.catalina.startup.VersionLoggerListener.log Command line argument: -Djava.io.tmpdir=/home/www/website/pin/apache-tomcat-9.0.11/temp
23-Aug-2018 21:48:25.743 INFO [main] org.apache.catalina.core.AprLifecycleListener.lifecycleEvent The APR based Apache Tomcat Native library which allows optimal performance in production environments was not found on the java.library.path: [/usr/java/packages/lib/amd64:/usr/lib64:/lib64:/lib:/usr/lib]
23-Aug-2018 21:48:26.392 INFO [main] org.apache.coyote.AbstractProtocol.init Initializing ProtocolHandler ["http-nio-8080"]
23-Aug-2018 21:48:26.438 SEVERE [main] org.apache.catalina.util.LifecycleBase.handleSubClassException Failed to initialize component [Connector[HTTP/1.1-8080]]
 org.apache.catalina.LifecycleException: Protocol handler initialization failed
	at org.apache.catalina.connector.Connector.initInternal(Connector.java:935)
	at org.apache.catalina.util.LifecycleBase.init(LifecycleBase.java:136)
	at org.apache.catalina.core.StandardService.initInternal(StandardService.java:533)
	at org.apache.catalina.util.LifecycleBase.init(LifecycleBase.java:136)
	at org.apache.catalina.core.StandardServer.initInternal(StandardServer.java:852)
	at org.apache.catalina.util.LifecycleBase.init(LifecycleBase.java:136)
	at org.apache.catalina.startup.Catalina.load(Catalina.java:633)
	at org.apache.catalina.startup.Catalina.load(Catalina.java:656)
	at sun.reflect.NativeMethodAccessorImpl.invoke0(Native Method)
	at sun.reflect.NativeMethodAccessorImpl.invoke(NativeMethodAccessorImpl.java:62)
	at sun.reflect.DelegatingMethodAccessorImpl.invoke(DelegatingMethodAccessorImpl.java:43)
	at java.lang.reflect.Method.invoke(Method.java:497)
	at org.apache.catalina.startup.Bootstrap.load(Bootstrap.java:306)
	at org.apache.catalina.startup.Bootstrap.main(Bootstrap.java:491)
Caused by: java.net.BindException: Address already in use
	at sun.nio.ch.Net.bind0(Native Method)
	at sun.nio.ch.Net.bind(Net.java:437)
	at sun.nio.ch.Net.bind(Net.java:429)
	at sun.nio.ch.ServerSocketChannelImpl.bind(ServerSocketChannelImpl.java:223)
	at sun.nio.ch.ServerSocketAdaptor.bind(ServerSocketAdaptor.java:74)
	at org.apache.tomcat.util.net.NioEndpoint.initServerSocket(NioEndpoint.java:236)
	at org.apache.tomcat.util.net.NioEndpoint.bind(NioEndpoint.java:210)
	at org.apache.tomcat.util.net.AbstractEndpoint.init(AbstractEndpoint.java:1044)
	at org.apache.coyote.AbstractProtocol.init(AbstractProtocol.java:540)
	at org.apache.coyote.http11.AbstractHttp11Protocol.init(AbstractHttp11Protocol.java:74)
	at org.apache.catalina.connector.Connector.initInternal(Connector.java:932)
	... 13 more

23-Aug-2018 21:48:26.442 INFO [main] org.apache.coyote.AbstractProtocol.init Initializing ProtocolHandler ["ajp-nio-8009"]
23-Aug-2018 21:48:26.446 SEVERE [main] org.apache.catalina.util.LifecycleBase.handleSubClassException Failed to initialize component [Connector[AJP/1.3-8009]]
 org.apache.catalina.LifecycleException: Protocol handler initialization failed
	at org.apache.catalina.connector.Connector.initInternal(Connector.java:935)
	at org.apache.catalina.util.LifecycleBase.init(LifecycleBase.java:136)
	at org.apache.catalina.core.StandardService.initInternal(StandardService.java:533)
	at org.apache.catalina.util.LifecycleBase.init(LifecycleBase.java:136)
	at org.apache.catalina.core.StandardServer.initInternal(StandardServer.java:852)
	at org.apache.catalina.util.LifecycleBase.init(LifecycleBase.java:136)
	at org.apache.catalina.startup.Catalina.load(Catalina.java:633)
	at org.apache.catalina.startup.Catalina.load(Catalina.java:656)
	at sun.reflect.NativeMethodAccessorImpl.invoke0(Native Method)
	at sun.reflect.NativeMethodAccessorImpl.invoke(NativeMethodAccessorImpl.java:62)
	at sun.reflect.DelegatingMethodAccessorImpl.invoke(DelegatingMethodAccessorImpl.java:43)
	at java.lang.reflect.Method.invoke(Method.java:497)
	at org.apache.catalina.startup.Bootstrap.load(Bootstrap.java:306)
	at org.apache.catalina.startup.Bootstrap.main(Bootstrap.java:491)
Caused by: java.net.BindException: Address already in use
	at sun.nio.ch.Net.bind0(Native Method)
	at sun.nio.ch.Net.bind(Net.java:437)
	at sun.nio.ch.Net.bind(Net.java:429)
	at sun.nio.ch.ServerSocketChannelImpl.bind(ServerSocketChannelImpl.java:223)
	at sun.nio.ch.ServerSocketAdaptor.bind(ServerSocketAdaptor.java:74)
	at org.apache.tomcat.util.net.NioEndpoint.initServerSocket(NioEndpoint.java:236)
	at org.apache.tomcat.util.net.NioEndpoint.bind(NioEndpoint.java:210)
	at org.apache.tomcat.util.net.AbstractEndpoint.init(AbstractEndpoint.java:1044)
	at org.apache.coyote.AbstractProtocol.init(AbstractProtocol.java:540)
	at org.apache.catalina.connector.Connector.initInternal(Connector.java:932)
	... 13 more

23-Aug-2018 21:48:26.447 INFO [main] org.apache.catalina.startup.Catalina.load Initialization processed in 1615 ms
23-Aug-2018 21:48:26.511 INFO [main] org.apache.catalina.core.StandardService.startInternal Starting service [Catalina]
23-Aug-2018 21:48:26.511 INFO [main] org.apache.catalina.core.StandardEngine.startInternal Starting Servlet Engine: Apache Tomcat/9.0.11
23-Aug-2018 21:48:26.526 INFO [main] org.apache.catalina.startup.HostConfig.deployDirectory Deploying web application directory [/home/www/website/pin/apache-tomcat-9.0.11/webapps/examples]
23-Aug-2018 21:48:27.522 INFO [main] org.apache.catalina.startup.HostConfig.deployDirectory Deployment of web application directory [/home/www/website/pin/apache-tomcat-9.0.11/webapps/examples] has finished in [995] ms
23-Aug-2018 21:48:27.522 INFO [main] org.apache.catalina.startup.HostConfig.deployDirectory Deploying web application directory [/home/www/website/pin/apache-tomcat-9.0.11/webapps/manager]
23-Aug-2018 21:48:27.565 INFO [main] org.apache.catalina.startup.HostConfig.deployDirectory Deployment of web application directory [/home/www/website/pin/apache-tomcat-9.0.11/webapps/manager] has finished in [43] ms
23-Aug-2018 21:48:27.565 INFO [main] org.apache.catalina.startup.HostConfig.deployDirectory Deploying web application directory [/home/www/website/pin/apache-tomcat-9.0.11/webapps/host-manager]
23-Aug-2018 21:48:27.584 INFO [main] org.apache.catalina.startup.HostConfig.deployDirectory Deployment of web application directory [/home/www/website/pin/apache-tomcat-9.0.11/webapps/host-manager] has finished in [19] ms
23-Aug-2018 21:48:27.584 INFO [main] org.apache.catalina.startup.HostConfig.deployDirectory Deploying web application directory [/home/www/website/pin/apache-tomcat-9.0.11/webapps/docs]
23-Aug-2018 21:48:27.606 INFO [main] org.apache.catalina.startup.HostConfig.deployDirectory Deployment of web application directory [/home/www/website/pin/apache-tomcat-9.0.11/webapps/docs] has finished in [22] ms
23-Aug-2018 21:48:27.606 INFO [main] org.apache.catalina.startup.HostConfig.deployDirectory Deploying web application directory [/home/www/website/pin/apache-tomcat-9.0.11/webapps/ROOT]
23-Aug-2018 21:48:27.631 INFO [main] org.apache.catalina.startup.HostConfig.deployDirectory Deployment of web application directory [/home/www/website/pin/apache-tomcat-9.0.11/webapps/ROOT] has finished in [25] ms
23-Aug-2018 21:48:27.634 INFO [main] org.apache.catalina.startup.Catalina.start Server startup in 1187 ms
23-Aug-2018 21:48:27.636 SEVERE [main] org.apache.catalina.core.StandardServer.await StandardServer.await: create[localhost:8005]: 
 java.net.BindException: Address already in use
	at java.net.PlainSocketImpl.socketBind(Native Method)
	at java.net.AbstractPlainSocketImpl.bind(AbstractPlainSocketImpl.java:382)
	at java.net.ServerSocket.bind(ServerSocket.java:375)
	at java.net.ServerSocket.<init>(ServerSocket.java:237)
	at org.apache.catalina.core.StandardServer.await(StandardServer.java:422)
	at org.apache.catalina.startup.Catalina.await(Catalina.java:770)
	at org.apache.catalina.startup.Catalina.start(Catalina.java:716)
	at sun.reflect.NativeMethodAccessorImpl.invoke0(Native Method)
	at sun.reflect.NativeMethodAccessorImpl.invoke(NativeMethodAccessorImpl.java:62)
	at sun.reflect.DelegatingMethodAccessorImpl.invoke(DelegatingMethodAccessorImpl.java:43)
	at java.lang.reflect.Method.invoke(Method.java:497)
	at org.apache.catalina.startup.Bootstrap.start(Bootstrap.java:350)
	at org.apache.catalina.startup.Bootstrap.main(Bootstrap.java:492)

23-Aug-2018 21:48:27.636 INFO [main] org.apache.coyote.AbstractProtocol.pause Pausing ProtocolHandler ["http-nio-8080"]
23-Aug-2018 21:48:27.636 INFO [main] org.apache.coyote.AbstractProtocol.pause Pausing ProtocolHandler ["ajp-nio-8009"]
23-Aug-2018 21:48:27.637 INFO [main] org.apache.catalina.core.StandardService.stopInternal Stopping service [Catalina]
23-Aug-2018 21:48:27.699 INFO [main] org.apache.coyote.AbstractProtocol.stop Stopping ProtocolHandler ["http-nio-8080"]
23-Aug-2018 21:48:27.699 INFO [main] org.apache.coyote.AbstractProtocol.destroy Destroying ProtocolHandler ["http-nio-8080"]
23-Aug-2018 21:48:27.699 INFO [main] org.apache.coyote.AbstractProtocol.stop Stopping ProtocolHandler ["ajp-nio-8009"]
23-Aug-2018 21:48:27.700 INFO [main] org.apache.coyote.AbstractProtocol.destroy Destroying ProtocolHandler ["ajp-nio-8009"]
24-Aug-2018 21:00:17.401 INFO [main] org.apache.catalina.startup.HostConfig.deployDirectory Deployment of web application directory [/home/www/website/pin/apache-tomcat-9.0.11/webapps/gips2] has finished in [2,749] ms
24-Aug-2018 21:00:17.401 INFO [main] org.apache.catalina.startup.HostConfig.deployDirectory Deploying web application directory [/home/www/website/pin/apache-tomcat-9.0.11/webapps/cdc]
24-Aug-2018 21:00:18.730 INFO [main] org.apache.jasper.servlet.TldScanner.scanJars At least one JAR was scanned for TLDs yet contained no TLDs. Enable debug logging for this logger for a complete list of JARs that were scanned but no TLDs were found in them. Skipping unneeded JARs during scanning can improve startup time and JSP compilation time.
log4j:ERROR setFile(null,true) call failed.
java.io.FileNotFoundException: /WEB-INF/logs/sirius.log (Permission denied)
	at java.io.FileOutputStream.open0(Native Method)
	at java.io.FileOutputStream.open(FileOutputStream.java:270)
	at java.io.FileOutputStream.<init>(FileOutputStream.java:213)
	at java.io.FileOutputStream.<init>(FileOutputStream.java:133)
	at org.apache.log4j.FileAppender.setFile(FileAppender.java:289)
	at org.apache.log4j.FileAppender.activateOptions(FileAppender.java:163)
	at org.apache.log4j.DailyRollingFileAppender.activateOptions(DailyRollingFileAppender.java:215)
	at org.apache.log4j.config.PropertySetter.activate(PropertySetter.java:256)
	at org.apache.log4j.config.PropertySetter.setProperties(PropertySetter.java:132)
	at org.apache.log4j.config.PropertySetter.setProperties(PropertySetter.java:96)
	at org.apache.log4j.PropertyConfigurator.parseAppender(PropertyConfigurator.java:654)
	at org.apache.log4j.PropertyConfigurator.parseCategory(PropertyConfigurator.java:612)
	at org.apache.log4j.PropertyConfigurator.configureRootCategory(PropertyConfigurator.java:509)
	at org.apache.log4j.PropertyConfigurator.doConfigure(PropertyConfigurator.java:415)
	at org.apache.log4j.PropertyConfigurator.doConfigure(PropertyConfigurator.java:441)
	at org.apache.log4j.helpers.OptionConverter.selectAndConfigure(OptionConverter.java:470)
	at org.apache.log4j.LogManager.<clinit>(LogManager.java:122)
	at org.apache.log4j.PropertyConfigurator.configure(PropertyConfigurator.java:336)
	at org.springframework.util.Log4jConfigurer.initLogging(Log4jConfigurer.java:73)
	at org.springframework.web.util.Log4jWebConfigurer.initLogging(Log4jWebConfigurer.java:152)
	at org.springframework.web.util.Log4jConfigListener.contextInitialized(Log4jConfigListener.java:47)
	at org.apache.catalina.core.StandardContext.listenerStart(StandardContext.java:4643)
	at org.apache.catalina.core.StandardContext.startInternal(StandardContext.java:5109)
	at org.apache.catalina.util.LifecycleBase.start(LifecycleBase.java:183)
	at org.apache.catalina.core.ContainerBase.addChildInternal(ContainerBase.java:743)
	at org.apache.catalina.core.ContainerBase.addChild(ContainerBase.java:719)
	at org.apache.catalina.core.StandardHost.addChild(StandardHost.java:703)
	at org.apache.catalina.startup.HostConfig.deployDirectory(HostConfig.java:1141)
	at org.apache.catalina.startup.HostConfig$DeployDirectory.run(HostConfig.java:1876)
	at java.util.concurrent.Executors$RunnableAdapter.call(Executors.java:511)
	at java.util.concurrent.FutureTask.run(FutureTask.java:266)
	at org.apache.tomcat.util.threads.InlineExecutorService.execute(InlineExecutorService.java:75)
	at java.util.concurrent.AbstractExecutorService.submit(AbstractExecutorService.java:112)
	at org.apache.catalina.startup.HostConfig.deployDirectories(HostConfig.java:1053)
	at org.apache.catalina.startup.HostConfig.deployApps(HostConfig.java:428)
	at org.apache.catalina.startup.HostConfig.start(HostConfig.java:1585)
	at org.apache.catalina.startup.HostConfig.lifecycleEvent(HostConfig.java:308)
	at org.apache.catalina.util.LifecycleBase.fireLifecycleEvent(LifecycleBase.java:123)
	at org.apache.catalina.util.LifecycleBase.setStateInternal(LifecycleBase.java:424)
	at org.apache.catalina.util.LifecycleBase.setState(LifecycleBase.java:367)
	at org.apache.catalina.core.ContainerBase.startInternal(ContainerBase.java:969)
	at org.apache.catalina.core.StandardHost.startInternal(StandardHost.java:839)
	at org.apache.catalina.util.LifecycleBase.start(LifecycleBase.java:183)
	at org.apache.catalina.core.ContainerBase$StartChild.call(ContainerBase.java:1429)
	at org.apache.catalina.core.ContainerBase$StartChild.call(ContainerBase.java:1419)
	at java.util.concurrent.FutureTask.run(FutureTask.java:266)
	at org.apache.tomcat.util.threads.InlineExecutorService.execute(InlineExecutorService.java:75)
	at java.util.concurrent.AbstractExecutorService.submit(AbstractExecutorService.java:134)
	at org.apache.catalina.core.ContainerBase.startInternal(ContainerBase.java:944)
	at org.apache.catalina.core.StandardEngine.startInternal(StandardEngine.java:261)
	at org.apache.catalina.util.LifecycleBase.start(LifecycleBase.java:183)
	at org.apache.catalina.core.StandardService.startInternal(StandardService.java:422)
	at org.apache.catalina.util.LifecycleBase.start(LifecycleBase.java:183)
	at org.apache.catalina.core.StandardServer.startInternal(StandardServer.java:770)
	at org.apache.catalina.util.LifecycleBase.start(LifecycleBase.java:183)
	at org.apache.catalina.startup.Catalina.start(Catalina.java:682)
	at sun.reflect.NativeMethodAccessorImpl.invoke0(Native Method)
	at sun.reflect.NativeMethodAccessorImpl.invoke(NativeMethodAccessorImpl.java:62)
	at sun.reflect.DelegatingMethodAccessorImpl.invoke(DelegatingMethodAccessorImpl.java:43)
	at java.lang.reflect.Method.invoke(Method.java:497)
	at org.apache.catalina.startup.Bootstrap.start(Bootstrap.java:350)
	at org.apache.catalina.startup.Bootstrap.main(Bootstrap.java:492)
log4j:ERROR Either File or DatePattern options are not set for appender [ROLLING_FILE].
ERROR [main] Context initialization failed
org.springframework.beans.factory.BeanDefinitionStoreException: Unexpected exception parsing XML document from ServletContext resource [/WEB-INF/classes/spring/applicationContext.xml]; nested exception is java.lang.IllegalStateException: AnnotationTransactionAttributeSource is only available on Java 1.5 and higher
	at org.springframework.beans.factory.xml.XmlBeanDefinitionReader.doLoadBeanDefinitions(XmlBeanDefinitionReader.java:420)
	at org.springframework.beans.factory.xml.XmlBeanDefinitionReader.loadBeanDefinitions(XmlBeanDefinitionReader.java:342)
	at org.springframework.beans.factory.xml.XmlBeanDefinitionReader.loadBeanDefinitions(XmlBeanDefinitionReader.java:310)
	at org.springframework.beans.factory.support.AbstractBeanDefinitionReader.loadBeanDefinitions(AbstractBeanDefinitionReader.java:143)
	at org.springframework.beans.factory.support.AbstractBeanDefinitionReader.loadBeanDefinitions(AbstractBeanDefinitionReader.java:178)
	at org.springframework.beans.factory.support.AbstractBeanDefinitionReader.loadBeanDefinitions(AbstractBeanDefinitionReader.java:149)
	at org.springframework.web.context.support.XmlWebApplicationContext.loadBeanDefinitions(XmlWebApplicationContext.java:124)
	at org.springframework.web.context.support.XmlWebApplicationContext.loadBeanDefinitions(XmlWebApplicationContext.java:92)
	at org.springframework.context.support.AbstractRefreshableApplicationContext.refreshBeanFactory(AbstractRefreshableApplicationContext.java:123)
	at org.springframework.context.support.AbstractApplicationContext.obtainFreshBeanFactory(AbstractApplicationContext.java:423)
	at org.springframework.context.support.AbstractApplicationContext.refresh(AbstractApplicationContext.java:353)
	at org.springframework.web.context.ContextLoader.createWebApplicationContext(ContextLoader.java:255)
	at org.springframework.web.context.ContextLoader.initWebApplicationContext(ContextLoader.java:199)
	at org.springframework.web.context.ContextLoaderListener.contextInitialized(ContextLoaderListener.java:45)
	at org.apache.catalina.core.StandardContext.listenerStart(StandardContext.java:4643)
	at org.apache.catalina.core.StandardContext.startInternal(StandardContext.java:5109)
	at org.apache.catalina.util.LifecycleBase.start(LifecycleBase.java:183)
	at org.apache.catalina.core.ContainerBase.addChildInternal(ContainerBase.java:743)
	at org.apache.catalina.core.ContainerBase.addChild(ContainerBase.java:719)
	at org.apache.catalina.core.StandardHost.addChild(StandardHost.java:703)
	at org.apache.catalina.startup.HostConfig.deployDirectory(HostConfig.java:1141)
	at org.apache.catalina.startup.HostConfig$DeployDirectory.run(HostConfig.java:1876)
	at java.util.concurrent.Executors$RunnableAdapter.call(Executors.java:511)
	at java.util.concurrent.FutureTask.run(FutureTask.java:266)
	at org.apache.tomcat.util.threads.InlineExecutorService.execute(InlineExecutorService.java:75)
	at java.util.concurrent.AbstractExecutorService.submit(AbstractExecutorService.java:112)
	at org.apache.catalina.startup.HostConfig.deployDirectories(HostConfig.java:1053)
	at org.apache.catalina.startup.HostConfig.deployApps(HostConfig.java:428)
	at org.apache.catalina.startup.HostConfig.start(HostConfig.java:1585)
	at org.apache.catalina.startup.HostConfig.lifecycleEvent(HostConfig.java:308)
	at org.apache.catalina.util.LifecycleBase.fireLifecycleEvent(LifecycleBase.java:123)
	at org.apache.catalina.util.LifecycleBase.setStateInternal(LifecycleBase.java:424)
	at org.apache.catalina.util.LifecycleBase.setState(LifecycleBase.java:367)
	at org.apache.catalina.core.ContainerBase.startInternal(ContainerBase.java:969)
	at org.apache.catalina.core.StandardHost.startInternal(StandardHost.java:839)
	at org.apache.catalina.util.LifecycleBase.start(LifecycleBase.java:183)
	at org.apache.catalina.core.ContainerBase$StartChild.call(ContainerBase.java:1429)
	at org.apache.catalina.core.ContainerBase$StartChild.call(ContainerBase.java:1419)
	at java.util.concurrent.FutureTask.run(FutureTask.java:266)
	at org.apache.tomcat.util.threads.InlineExecutorService.execute(InlineExecutorService.java:75)
	at java.util.concurrent.AbstractExecutorService.submit(AbstractExecutorService.java:134)
	at org.apache.catalina.core.ContainerBase.startInternal(ContainerBase.java:944)
	at org.apache.catalina.core.StandardEngine.startInternal(StandardEngine.java:261)
	at org.apache.catalina.util.LifecycleBase.start(LifecycleBase.java:183)
	at org.apache.catalina.core.StandardService.startInternal(StandardService.java:422)
	at org.apache.catalina.util.LifecycleBase.start(LifecycleBase.java:183)
	at org.apache.catalina.core.StandardServer.startInternal(StandardServer.java:770)
	at org.apache.catalina.util.LifecycleBase.start(LifecycleBase.java:183)
	at org.apache.catalina.startup.Catalina.start(Catalina.java:682)
	at sun.reflect.NativeMethodAccessorImpl.invoke0(Native Method)
	at sun.reflect.NativeMethodAccessorImpl.invoke(NativeMethodAccessorImpl.java:62)
	at sun.reflect.DelegatingMethodAccessorImpl.invoke(DelegatingMethodAccessorImpl.java:43)
	at java.lang.reflect.Method.invoke(Method.java:497)
	at org.apache.catalina.startup.Bootstrap.start(Bootstrap.java:350)
	at org.apache.catalina.startup.Bootstrap.main(Bootstrap.java:492)
Caused by: java.lang.IllegalStateException: AnnotationTransactionAttributeSource is only available on Java 1.5 and higher
	at org.springframework.transaction.config.TxNamespaceUtils.getAnnotationTransactionAttributeSourceClass(TxNamespaceUtils.java:43)
	at org.springframework.transaction.config.AnnotationDrivenBeanDefinitionParser$AopAutoProxyConfigurer.configureAutoProxyCreator(AnnotationDrivenBeanDefinitionParser.java:115)
	at org.springframework.transaction.config.AnnotationDrivenBeanDefinitionParser.parse(AnnotationDrivenBeanDefinitionParser.java:80)
	at org.springframework.beans.factory.xml.NamespaceHandlerSupport.parse(NamespaceHandlerSupport.java:69)
	at org.springframework.beans.factory.xml.BeanDefinitionParserDelegate.parseCustomElement(BeanDefinitionParserDelegate.java:1255)
	at org.springframework.beans.factory.xml.BeanDefinitionParserDelegate.parseCustomElement(BeanDefinitionParserDelegate.java:1245)
	at org.springframework.beans.factory.xml.DefaultBeanDefinitionDocumentReader.parseBeanDefinitions(DefaultBeanDefinitionDocumentReader.java:135)
	at org.springframework.beans.factory.xml.DefaultBeanDefinitionDocumentReader.registerBeanDefinitions(DefaultBeanDefinitionDocumentReader.java:92)
	at org.springframework.beans.factory.xml.XmlBeanDefinitionReader.registerBeanDefinitions(XmlBeanDefinitionReader.java:507)
	at org.springframework.beans.factory.xml.XmlBeanDefinitionReader.doLoadBeanDefinitions(XmlBeanDefinitionReader.java:398)
	... 54 more
24-Aug-2018 21:00:18.939 SEVERE [main] org.apache.catalina.core.StandardContext.startInternal One or more listeners failed to start. Full details will be found in the appropriate container log file
24-Aug-2018 21:00:18.939 SEVERE [main] org.apache.catalina.core.StandardContext.startInternal Context [/cdc] startup failed due to previous errors
24-Aug-2018 21:00:18.948 INFO [main] org.apache.catalina.startup.HostConfig.deployDirectory Deployment of web application directory [/home/www/website/pin/apache-tomcat-9.0.11/webapps/cdc] has finished in [1,547] ms
24-Aug-2018 21:00:18.948 INFO [main] org.apache.catalina.startup.HostConfig.deployDirectory Deploying web application directory [/home/www/website/pin/apache-tomcat-9.0.11/webapps/docs]
24-Aug-2018 21:00:18.960 INFO [main] org.apache.catalina.startup.HostConfig.deployDirectory Deployment of web application directory [/home/www/website/pin/apache-tomcat-9.0.11/webapps/docs] has finished in [12] ms
24-Aug-2018 21:00:18.960 INFO [main] org.apache.catalina.startup.HostConfig.deployDirectory Deploying web application directory [/home/www/website/pin/apache-tomcat-9.0.11/webapps/ROOT]
24-Aug-2018 21:00:18.970 INFO [main] org.apache.catalina.startup.HostConfig.deployDirectory Deployment of web application directory [/home/www/website/pin/apache-tomcat-9.0.11/webapps/ROOT] has finished in [10] ms
24-Aug-2018 21:00:18.973 INFO [main] org.apache.coyote.AbstractProtocol.start Starting ProtocolHandler ["http-nio-8080"]
24-Aug-2018 21:00:18.996 INFO [main] org.apache.coyote.AbstractProtocol.start Starting ProtocolHandler ["ajp-nio-8009"]
24-Aug-2018 21:00:18.998 INFO [main] org.apache.catalina.startup.Catalina.start Server startup in 15509 ms
24-Aug-2018 21:16:22.547 INFO [main] org.apache.catalina.core.StandardServer.await A valid shutdown command was received via the shutdown port. Stopping the Server instance.
24-Aug-2018 21:16:22.547 INFO [main] org.apache.coyote.AbstractProtocol.pause Pausing ProtocolHandler ["http-nio-8080"]
24-Aug-2018 21:16:22.599 INFO [main] org.apache.coyote.AbstractProtocol.pause Pausing ProtocolHandler ["ajp-nio-8009"]
24-Aug-2018 21:16:22.650 INFO [main] org.apache.catalina.core.StandardService.stopInternal Stopping service [Catalina]
 INFO{AbstractApplicationContext.java:957}-Closing WebApplicationContext for namespace 'spring-servlet': startup date [Fri Aug 24 21:00:09 CST 2018]; parent: Root WebApplicationContext
 INFO{AbstractApplicationContext.java:957}-Closing Root WebApplicationContext: startup date [Fri Aug 24 21:00:07 CST 2018]; root of context hierarchy
24-Aug-2018 21:16:22.704 WARNING [main] org.apache.catalina.loader.WebappClassLoaderBase.clearReferencesThreads The web application [iwrite2] appears to have started a thread named [Abandoned connection cleanup thread] but has failed to stop it. This is very likely to create a memory leak. Stack trace of thread:
 java.lang.Object.wait(Native Method)
 java.lang.ref.ReferenceQueue.remove(ReferenceQueue.java:143)
 com.mysql.jdbc.AbandonedConnectionCleanupThread.run(AbandonedConnectionCleanupThread.java:43)
24-Aug-2018 21:16:22.734 WARNING [main] org.apache.catalina.loader.WebappClassLoaderBase.clearReferencesJdbc The web application [pearl] registered the JDBC driver [com.mysql.jdbc.Driver] but failed to unregister it when the web application was stopped. To prevent a memory leak, the JDBC Driver has been forcibly unregistered.
 INFO{AbstractApplicationContext.java:957}-Closing WebApplicationContext for namespace 'spring-servlet': startup date [Fri Aug 24 21:00:16 CST 2018]; parent: Root WebApplicationContext
 INFO{AbstractApplicationContext.java:957}-Closing Root WebApplicationContext: startup date [Fri Aug 24 21:00:15 CST 2018]; root of context hierarchy
24-Aug-2018 21:16:22.764 INFO [main] org.apache.coyote.AbstractProtocol.stop Stopping ProtocolHandler ["http-nio-8080"]
24-Aug-2018 21:16:22.766 INFO [main] org.apache.coyote.AbstractProtocol.stop Stopping ProtocolHandler ["ajp-nio-8009"]
24-Aug-2018 21:16:22.769 INFO [main] org.apache.coyote.AbstractProtocol.destroy Destroying ProtocolHandler ["http-nio-8080"]
24-Aug-2018 21:16:22.771 INFO [main] org.apache.coyote.AbstractProtocol.destroy Destroying ProtocolHandler ["ajp-nio-8009"]
